RUN	computerdatabase.ComputerDatabaseSimulation	computerdatabasesimulation	1685123328913	o	3.9.5
USER	Admins	START	1685123329977
USER	Users	START	1685123329977
REQUEST		Home	1685123329968	1685123330346	OK	 
REQUEST		Home Redirect 1	1685123330359	1685123330475	OK	 
USER	Users	START	1685123330929
REQUEST		Home	1685123329968	1685123331106	OK	 
REQUEST		Home Redirect 1	1685123331107	1685123331212	OK	 
REQUEST		Home	1685123330927	1685123331300	OK	 
REQUEST		Home Redirect 1	1685123331301	1685123331405	OK	 
REQUEST		Search	1685123331506	1685123331603	OK	 
USER	Users	START	1685123331933
REQUEST		Home	1685123331931	1685123332311	OK	 
REQUEST		Search	1685123332217	1685123332321	OK	 
REQUEST		Home Redirect 1	1685123332312	1685123332413	OK	 
REQUEST		Search	1685123332410	1685123332509	OK	 
REQUEST		Select	1685123332748	1685123332844	OK	 
USER	Users	START	1685123332924
REQUEST		Home	1685123332923	1685123333298	OK	 
REQUEST		Home Redirect 1	1685123333299	1685123333403	OK	 
REQUEST		Select	1685123333334	1685123333427	OK	 
REQUEST		Search	1685123333419	1685123333516	OK	 
REQUEST		Select	1685123333518	1685123333611	OK	 
USER	Users	START	1685123333922
REQUEST		Page 0	1685123333860	1685123333955	OK	 
REQUEST		Home	1685123333920	1685123334298	OK	 
REQUEST		Home Redirect 1	1685123334299	1685123334401	OK	 
REQUEST		Search	1685123334409	1685123334518	OK	 
REQUEST		Page 0	1685123334430	1685123334534	OK	 
REQUEST		Select	1685123334523	1685123334623	OK	 
REQUEST		Page 0	1685123334615	1685123334708	OK	 
USER	Admins	START	1685123334924
USER	Users	START	1685123334925
REQUEST		Page 1	1685123334963	1685123335065	OK	 
REQUEST		Home	1685123334923	1685123335315	OK	 
REQUEST		Home	1685123334923	1685123335320	OK	 
REQUEST		Home Redirect 1	1685123335321	1685123335436	OK	 
REQUEST		Home Redirect 1	1685123335315	1685123335437	OK	 
REQUEST		Search	1685123335404	1685123335534	OK	 
REQUEST		Select	1685123335528	1685123335622	OK	 
REQUEST		Page 1	1685123335536	1685123335629	OK	 
REQUEST		Page 0	1685123335627	1685123335729	OK	 
REQUEST		Page 1	1685123335711	1685123335810	OK	 
USER	Users	START	1685123335925
REQUEST		Page 2	1685123336072	1685123336177	OK	 
REQUEST		Home	1685123335924	1685123336295	OK	 
REQUEST		Home Redirect 1	1685123336296	1685123336389	OK	 
REQUEST		Search	1685123336439	1685123336534	OK	 
REQUEST		Search	1685123336445	1685123336538	OK	 
REQUEST		Select	1685123336542	1685123336633	OK	 
REQUEST		Page 0	1685123336624	1685123336718	OK	 
REQUEST		Page 2	1685123336633	1685123336724	OK	 
REQUEST		Page 1	1685123336733	1685123336826	OK	 
REQUEST		Page 2	1685123336816	1685123336907	OK	 
USER	Users	START	1685123336922
REQUEST		Page 3	1685123337184	1685123337278	OK	 
REQUEST		Home	1685123336921	1685123337282	OK	 
REQUEST		Home Redirect 1	1685123337283	1685123337376	OK	 
REQUEST		Search	1685123337395	1685123337486	OK	 
REQUEST		Select	1685123337540	1685123337635	OK	 
REQUEST		Select	1685123337544	1685123337636	OK	 
REQUEST		Page 0	1685123337635	1685123337728	OK	 
REQUEST		Page 1	1685123337721	1685123337814	OK	 
REQUEST		Page 3	1685123337726	1685123337818	OK	 
USER	Users	START	1685123337925
REQUEST		Page 2	1685123337833	1685123337928	OK	 
REQUEST		Page 3	1685123337915	1685123338006	OK	 
USER	Users	END	1685123338289
REQUEST		Search	1685123338384	1685123338476	OK	 
REQUEST		Select	1685123338493	1685123338583	OK	 
REQUEST		Page 0	1685123338637	1685123338731	OK	 
REQUEST		Page 0	1685123338639	1685123338732	OK	 
REQUEST		Page 1	1685123338734	1685123338836	OK	 
USER	Users	START	1685123338923
REQUEST		Page 2	1685123338818	1685123338929	OK	 
USER	Users	END	1685123339011
REQUEST		Page 3	1685123338931	1685123339023	OK	 
REQUEST		Home	1685123337923	1685123339107	OK	 
REQUEST		Form	1685123338825	1685123339109	OK	 
REQUEST		Home Redirect 1	1685123339108	1685123339205	OK	 
REQUEST		Home	1685123338923	1685123339292	OK	 
REQUEST		Home Redirect 1	1685123339293	1685123339386	OK	 
REQUEST		Select	1685123339483	1685123339575	OK	 
REQUEST		Page 0	1685123339591	1685123339687	OK	 
REQUEST		Page 1	1685123339736	1685123339828	OK	 
REQUEST		Page 1	1685123339734	1685123339828	OK	 
REQUEST		Page 2	1685123339843	1685123339934	OK	 
USER	Users	END	1685123340027
REQUEST		Page 3	1685123339933	1685123340040	OK	 
REQUEST		Post	1685123340123	1685123340216	OK	 
REQUEST		Search	1685123340208	1685123340304	OK	 
REQUEST		Post Redirect 1	1685123340229	1685123340320	OK	 
USER	Admins	END	1685123340326
REQUEST		Search	1685123340388	1685123340481	OK	 
REQUEST		Page 0	1685123340581	1685123340674	OK	 
REQUEST		Page 1	1685123340690	1685123340781	OK	 
REQUEST		Page 2	1685123340835	1685123340928	OK	 
REQUEST		Page 2	1685123340835	1685123340928	OK	 
REQUEST		Page 3	1685123340936	1685123341029	OK	 
USER	Users	END	1685123341045
REQUEST		Select	1685123341308	1685123341405	OK	 
REQUEST		Select	1685123341487	1685123341582	OK	 
REQUEST		Page 1	1685123341680	1685123341772	OK	 
REQUEST		Page 2	1685123341785	1685123341876	OK	 
REQUEST		Page 3	1685123341935	1685123342028	OK	 
REQUEST		Page 3	1685123341935	1685123342030	OK	 
USER	Users	END	1685123342033
REQUEST		Page 0	1685123342408	1685123342505	OK	 
REQUEST		Page 0	1685123342585	1685123342678	OK	 
REQUEST		Page 2	1685123342780	1685123342872	OK	 
REQUEST		Page 3	1685123342883	1685123342974	OK	 
USER	Users	END	1685123343033
REQUEST		Form	1685123343034	1685123343126	OK	 
REQUEST		Page 1	1685123343510	1685123343607	OK	 
REQUEST		Page 1	1685123343685	1685123343778	OK	 
REQUEST		Page 3	1685123343879	1685123343972	OK	 
USER	Users	END	1685123343979
REQUEST		Post	1685123344130	1685123344224	OK	 
REQUEST		Post Redirect 1	1685123344225	1685123344317	KO	status.find.is(201), but actually found 200
REQUEST		Form	1685123344325	1685123344418	OK	 
REQUEST		Page 2	1685123344611	1685123344719	OK	 
REQUEST		Page 2	1685123344780	1685123344874	OK	 
USER	Users	END	1685123344976
REQUEST		Post	1685123345422	1685123345523	OK	 
REQUEST		Post Redirect 1	1685123345524	1685123345618	OK	 
USER	Admins	END	1685123345620
REQUEST		Page 3	1685123345724	1685123345821	OK	 
REQUEST		Page 3	1685123345879	1685123345971	OK	 
USER	Users	END	1685123346828
USER	Users	END	1685123346974
